<?xml version="1.0" encoding="UTF-8"?>
<testsuite name="Main" tests="1" skipped="0" failures="0" errors="0" timestamp="2023-02-20T14:00:47" hostname="DESKTOP-3V6EP88" time="0.017">
  <properties/>
  <testcase name="textMultiplication()" classname="Main" time="0.017"/>
  <system-out><![CDATA[]]></system-out>
  <system-err><![CDATA[]]></system-err>
</testsuite>
